<?xml version="1.0" encoding="UTF-8"?>
<testng-results ignored="0" total="2" passed="2" failed="0" skipped="0">
  <reporter-output>
  </reporter-output>
  <suite started-at="2022-09-19T17:25:10 IST" name="Default suite" finished-at="2022-09-19T17:25:23 IST" duration-ms="13135">
    <groups>
    </groups>
    <test started-at="2022-09-19T17:25:10 IST" name="Default test" finished-at="2022-09-19T17:25:23 IST" duration-ms="13135">
      <class name="Pomproject.Pomproject.PsigninTest">
        <test-method signature="setup(java.lang.String,java.lang.String)[pri:0, instance:Pomproject.Pomproject.PsigninTest@10d307f1]" started-at="2022-09-19T17:25:10 IST" name="setup" data-provider="vs" finished-at="2022-09-19T17:25:19 IST" duration-ms="8304" status="PASS">
          <params>
            <param index="0">
              <value>
                <![CDATA[vaishnavi]]>
              </value>
            </param>
            <param index="1">
              <value>
                <![CDATA[vaishu18]]>
              </value>
            </param>
          </params>
          <reporter-output>
          </reporter-output>
        </test-method> <!-- setup -->
        <test-method signature="setup(java.lang.String,java.lang.String)[pri:0, instance:Pomproject.Pomproject.PsigninTest@10d307f1]" started-at="2022-09-19T17:25:19 IST" name="setup" data-provider="vs" finished-at="2022-09-19T17:25:23 IST" duration-ms="4793" status="PASS">
          <params>
            <param index="0">
              <value>
                <![CDATA[va]]>
              </value>
            </param>
            <param index="1">
              <value>
                <![CDATA[vai17]]>
              </value>
            </param>
          </params>
          <reporter-output>
          </reporter-output>
        </test-method> <!-- setup -->
      </class> <!-- Pomproject.Pomproject.PsigninTest -->
    </test> <!-- Default test -->
  </suite> <!-- Default suite -->
</testng-results>
